<?xml version="1.0"?><coverage lines-covered="247" lines-valid="298" line-rate="0.8288590604026845" branches-covered="0" branches-valid="0" branch-rate="0" complexity="0" version="1.9" timestamp="1656786054"><sources><source>/home/chosunone/source/kraken_coding_test</source></sources><packages><package name="src" line-rate="0.8288590604026845" branch-rate="0" complexity="0"><classes><class name="client" filename="src/client.rs" line-rate="0.896969696969697" branch-rate="0" complexity="0"><methods/><lines><line number="18" hits="2"/><line number="19" hits="2"/><line number="57" hits="1"/><line number="64" hits="1"/><line number="65" hits="1"/><line number="71" hits="4"/><line number="72" hits="2"/><line number="73" hits="1"/><line number="74" hits="1"/><line number="75" hits="1"/><line number="76" hits="2"/><line number="77" hits="1"/><line number="78" hits="0"/><line number="80" hits="2"/><line number="81" hits="1"/><line number="82" hits="1"/><line number="83" hits="1"/><line number="84" hits="1"/><line number="87" hits="1"/><line number="88" hits="1"/><line number="89" hits="1"/><line number="90" hits="1"/><line number="91" hits="1"/><line number="95" hits="1"/><line number="102" hits="1"/><line number="103" hits="1"/><line number="105" hits="1"/><line number="107" hits="2"/><line number="108" hits="1"/><line number="110" hits="0"/><line number="114" hits="2"/><line number="115" hits="1"/><line number="118" hits="1"/><line number="121" hits="0"/><line number="125" hits="2"/><line number="126" hits="1"/><line number="128" hits="0"/><line number="132" hits="2"/><line number="133" hits="1"/><line number="137" hits="1"/><line number="140" hits="0"/><line number="144" hits="1"/><line number="145" hits="1"/><line number="150" hits="3"/><line number="153" hits="3"/><line number="155" hits="1"/><line number="162" hits="1"/><line number="164" hits="1"/><line number="165" hits="1"/><line number="168" hits="1"/><line number="177" hits="0"/><line number="184" hits="1"/><line number="189" hits="1"/><line number="190" hits="2"/><line number="191" hits="1"/><line number="192" hits="1"/><line number="193" hits="2"/><line number="194" hits="0"/><line number="197" hits="0"/><line number="198" hits="0"/><line number="199" hits="0"/><line number="201" hits="0"/><line number="205" hits="1"/><line number="206" hits="1"/><line number="207" hits="1"/><line number="210" hits="1"/><line number="211" hits="1"/><line number="212" hits="1"/><line number="214" hits="1"/><line number="221" hits="0"/><line number="229" hits="1"/><line number="235" hits="1"/><line number="236" hits="1"/><line number="239" hits="1"/><line number="240" hits="1"/><line number="241" hits="1"/><line number="242" hits="2"/><line number="243" hits="1"/><line number="247" hits="1"/><line number="253" hits="1"/><line number="254" hits="1"/><line number="260" hits="1"/><line number="262" hits="1"/><line number="263" hits="1"/><line number="264" hits="2"/><line number="265" hits="1"/><line number="268" hits="1"/><line number="269" hits="1"/><line number="270" hits="1"/><line number="271" hits="2"/><line number="272" hits="1"/><line number="276" hits="1"/><line number="282" hits="1"/><line number="283" hits="1"/><line number="284" hits="1"/><line number="285" hits="3"/><line number="286" hits="1"/><line number="287" hits="1"/><line number="290" hits="1"/><line number="293" hits="1"/><line number="294" hits="1"/><line number="295" hits="1"/><line number="297" hits="1"/><line number="298" hits="3"/><line number="299" hits="1"/><line number="300" hits="1"/><line number="303" hits="1"/><line number="306" hits="1"/><line number="307" hits="2"/><line number="308" hits="1"/><line number="309" hits="1"/><line number="314" hits="0"/><line number="324" hits="1"/><line number="331" hits="1"/><line number="332" hits="1"/><line number="334" hits="1"/><line number="336" hits="1"/><line number="337" hits="1"/><line number="338" hits="1"/><line number="339" hits="3"/><line number="340" hits="1"/><line number="341" hits="1"/><line number="344" hits="1"/><line number="350" hits="1"/><line number="351" hits="1"/><line number="352" hits="1"/><line number="354" hits="1"/><line number="355" hits="3"/><line number="356" hits="1"/><line number="357" hits="1"/><line number="360" hits="1"/><line number="366" hits="1"/><line number="367" hits="2"/><line number="368" hits="1"/><line number="369" hits="1"/><line number="374" hits="0"/><line number="384" hits="1"/><line number="390" hits="1"/><line number="391" hits="1"/><line number="392" hits="1"/><line number="393" hits="3"/><line number="394" hits="1"/><line number="395" hits="1"/><line number="398" hits="0"/><line number="404" hits="1"/><line number="405" hits="1"/><line number="406" hits="1"/><line number="407" hits="1"/><line number="409" hits="1"/><line number="410" hits="3"/><line number="411" hits="1"/><line number="412" hits="1"/><line number="415" hits="0"/><line number="421" hits="1"/><line number="422" hits="2"/><line number="423" hits="1"/><line number="424" hits="1"/><line number="427" hits="1"/><line number="431" hits="0"/><line number="441" hits="1"/><line number="447" hits="2"/><line number="449" hits="2"/><line number="450" hits="1"/><line number="451" hits="1"/><line number="452" hits="1"/></lines></class><class name="main" filename="src/main.rs" line-rate="0" branch-rate="0" complexity="0"><methods/><lines><line number="8" hits="0"/><line number="9" hits="0"/><line number="10" hits="0"/><line number="11" hits="0"/><line number="12" hits="0"/><line number="14" hits="0"/><line number="15" hits="0"/><line number="16" hits="0"/><line number="17" hits="0"/><line number="18" hits="0"/><line number="19" hits="0"/><line number="20" hits="0"/><line number="22" hits="0"/><line number="24" hits="0"/></lines></class><class name="processor" filename="src/processor.rs" line-rate="0.8387096774193549" branch-rate="0" complexity="0"><methods/><lines><line number="44" hits="1"/><line number="48" hits="2"/><line number="49" hits="2"/><line number="50" hits="1"/><line number="51" hits="0"/><line number="53" hits="2"/><line number="54" hits="2"/><line number="55" hits="2"/><line number="57" hits="1"/><line number="58" hits="3"/><line number="59" hits="1"/><line number="63" hits="3"/><line number="64" hits="2"/><line number="65" hits="1"/><line number="68" hits="1"/><line number="69" hits="7"/><line number="70" hits="1"/><line number="71" hits="1"/><line number="72" hits="5"/><line number="73" hits="0"/><line number="74" hits="2"/><line number="75" hits="3"/><line number="77" hits="0"/><line number="81" hits="1"/><line number="83" hits="3"/><line number="88" hits="4"/><line number="90" hits="2"/><line number="91" hits="0"/><line number="92" hits="4"/><line number="94" hits="0"/><line number="96" hits="1"/></lines></class><class name="reader" filename="src/reader.rs" line-rate="0.696969696969697" branch-rate="0" complexity="0"><methods/><lines><line number="22" hits="0"/><line number="23" hits="0"/><line number="31" hits="1"/><line number="32" hits="2"/><line number="38" hits="0"/><line number="39" hits="0"/><line number="49" hits="27"/><line number="50" hits="54"/><line number="58" hits="1"/><line number="59" hits="2"/><line number="65" hits="0"/><line number="66" hits="0"/><line number="73" hits="5"/><line number="74" hits="3"/><line number="75" hits="2"/><line number="76" hits="2"/><line number="78" hits="8"/><line number="79" hits="1"/><line number="80" hits="1"/><line number="81" hits="1"/><line number="91" hits="5"/><line number="92" hits="7"/><line number="93" hits="1"/><line number="94" hits="0"/><line number="95" hits="0"/><line number="96" hits="0"/><line number="97" hits="0"/><line number="98" hits="1"/><line number="99" hits="1"/><line number="100" hits="1"/><line number="111" hits="5"/><line number="112" hits="4"/><line number="113" hits="2"/></lines></class><class name="transaction" filename="src/transaction.rs" line-rate="0.9090909090909091" branch-rate="0" complexity="0"><methods/><lines><line number="11" hits="1"/><line number="12" hits="1"/><line number="15" hits="1"/><line number="16" hits="1"/><line number="18" hits="2"/><line number="116" hits="1"/><line number="117" hits="1"/><line number="118" hits="1"/><line number="119" hits="1"/><line number="120" hits="1"/><line number="122" hits="1"/><line number="123" hits="1"/><line number="124" hits="1"/><line number="125" hits="1"/><line number="126" hits="0"/><line number="127" hits="0"/><line number="131" hits="1"/><line number="159" hits="1"/><line number="160" hits="1"/><line number="161" hits="1"/><line number="163" hits="2"/><line number="164" hits="1"/><line number="165" hits="1"/><line number="167" hits="1"/><line number="168" hits="1"/><line number="169" hits="1"/><line number="170" hits="1"/><line number="171" hits="0"/><line number="172" hits="0"/><line number="173" hits="0"/><line number="176" hits="1"/><line number="197" hits="1"/><line number="198" hits="1"/><line number="199" hits="1"/><line number="201" hits="2"/><line number="202" hits="1"/><line number="204" hits="1"/><line number="205" hits="1"/><line number="206" hits="1"/><line number="228" hits="1"/><line number="229" hits="1"/><line number="230" hits="1"/><line number="232" hits="2"/><line number="233" hits="1"/><line number="235" hits="1"/><line number="236" hits="1"/><line number="237" hits="1"/><line number="259" hits="1"/><line number="260" hits="1"/><line number="261" hits="1"/><line number="263" hits="2"/><line number="264" hits="1"/><line number="266" hits="1"/><line number="267" hits="1"/><line number="268" hits="1"/></lines></class></classes></package></packages></coverage>