<?xml version="1.0"?><coverage lines-covered="245" lines-valid="291" line-rate="0.8419243986254296" branches-covered="0" branches-valid="0" branch-rate="0" complexity="0" version="1.9" timestamp="1655165867"><sources><source>/home/chosunone/source/kraken_coding_test</source></sources><packages><package name="src" line-rate="0.8419243986254296" branch-rate="0" complexity="0"><classes><class name="client" filename="src/client.rs" line-rate="0.896969696969697" branch-rate="0" complexity="0"><methods/><lines><line number="18" hits="2"/><line number="19" hits="2"/><line number="57" hits="1"/><line number="64" hits="1"/><line number="65" hits="1"/><line number="71" hits="104"/><line number="72" hits="52"/><line number="73" hits="26"/><line number="74" hits="26"/><line number="75" hits="26"/><line number="76" hits="52"/><line number="77" hits="26"/><line number="78" hits="0"/><line number="80" hits="52"/><line number="81" hits="26"/><line number="82" hits="26"/><line number="83" hits="26"/><line number="84" hits="26"/><line number="87" hits="26"/><line number="88" hits="26"/><line number="89" hits="26"/><line number="90" hits="26"/><line number="91" hits="26"/><line number="95" hits="1"/><line number="102" hits="1"/><line number="103" hits="1"/><line number="105" hits="1"/><line number="107" hits="2"/><line number="108" hits="1"/><line number="110" hits="0"/><line number="114" hits="2"/><line number="115" hits="1"/><line number="118" hits="1"/><line number="121" hits="0"/><line number="125" hits="2"/><line number="126" hits="1"/><line number="128" hits="0"/><line number="132" hits="2"/><line number="133" hits="1"/><line number="137" hits="1"/><line number="140" hits="0"/><line number="144" hits="1"/><line number="145" hits="1"/><line number="150" hits="3"/><line number="153" hits="3"/><line number="155" hits="1"/><line number="162" hits="1"/><line number="164" hits="1"/><line number="165" hits="1"/><line number="168" hits="1"/><line number="177" hits="0"/><line number="184" hits="1"/><line number="189" hits="1"/><line number="190" hits="2"/><line number="191" hits="1"/><line number="192" hits="1"/><line number="193" hits="2"/><line number="194" hits="0"/><line number="197" hits="0"/><line number="198" hits="0"/><line number="199" hits="0"/><line number="201" hits="0"/><line number="205" hits="1"/><line number="206" hits="1"/><line number="207" hits="1"/><line number="210" hits="1"/><line number="211" hits="1"/><line number="212" hits="1"/><line number="214" hits="1"/><line number="219" hits="0"/><line number="227" hits="1"/><line number="233" hits="1"/><line number="234" hits="1"/><line number="237" hits="1"/><line number="238" hits="1"/><line number="239" hits="1"/><line number="240" hits="2"/><line number="241" hits="1"/><line number="245" hits="1"/><line number="251" hits="1"/><line number="252" hits="1"/><line number="258" hits="1"/><line number="260" hits="1"/><line number="261" hits="1"/><line number="262" hits="2"/><line number="263" hits="1"/><line number="266" hits="1"/><line number="267" hits="1"/><line number="268" hits="1"/><line number="269" hits="2"/><line number="270" hits="1"/><line number="274" hits="1"/><line number="280" hits="1"/><line number="281" hits="1"/><line number="282" hits="1"/><line number="283" hits="3"/><line number="284" hits="1"/><line number="285" hits="1"/><line number="288" hits="1"/><line number="291" hits="1"/><line number="292" hits="1"/><line number="293" hits="1"/><line number="295" hits="1"/><line number="296" hits="3"/><line number="297" hits="1"/><line number="298" hits="1"/><line number="301" hits="1"/><line number="304" hits="1"/><line number="305" hits="2"/><line number="306" hits="1"/><line number="307" hits="1"/><line number="312" hits="0"/><line number="322" hits="1"/><line number="329" hits="1"/><line number="330" hits="1"/><line number="332" hits="1"/><line number="334" hits="1"/><line number="335" hits="1"/><line number="336" hits="1"/><line number="337" hits="3"/><line number="338" hits="1"/><line number="339" hits="1"/><line number="342" hits="1"/><line number="348" hits="1"/><line number="349" hits="1"/><line number="350" hits="1"/><line number="352" hits="1"/><line number="353" hits="3"/><line number="354" hits="1"/><line number="355" hits="1"/><line number="358" hits="1"/><line number="364" hits="1"/><line number="365" hits="2"/><line number="366" hits="1"/><line number="367" hits="1"/><line number="372" hits="0"/><line number="382" hits="1"/><line number="388" hits="1"/><line number="389" hits="1"/><line number="390" hits="1"/><line number="391" hits="3"/><line number="392" hits="1"/><line number="393" hits="1"/><line number="396" hits="0"/><line number="402" hits="1"/><line number="403" hits="1"/><line number="404" hits="1"/><line number="405" hits="1"/><line number="407" hits="1"/><line number="408" hits="3"/><line number="409" hits="1"/><line number="410" hits="1"/><line number="413" hits="0"/><line number="419" hits="1"/><line number="420" hits="2"/><line number="421" hits="1"/><line number="422" hits="1"/><line number="425" hits="1"/><line number="429" hits="0"/><line number="439" hits="1"/><line number="445" hits="2"/><line number="447" hits="2"/><line number="448" hits="1"/><line number="449" hits="1"/><line number="450" hits="1"/></lines></class><class name="main" filename="src/main.rs" line-rate="0" branch-rate="0" complexity="0"><methods/><lines><line number="8" hits="0"/><line number="9" hits="0"/><line number="10" hits="0"/><line number="11" hits="0"/><line number="12" hits="0"/><line number="14" hits="0"/><line number="15" hits="0"/><line number="16" hits="0"/><line number="17" hits="0"/><line number="18" hits="0"/><line number="19" hits="0"/><line number="20" hits="0"/><line number="22" hits="0"/><line number="24" hits="0"/></lines></class><class name="processor" filename="src/processor.rs" line-rate="0.8571428571428571" branch-rate="0" complexity="0"><methods/><lines><line number="41" hits="2"/><line number="45" hits="4"/><line number="46" hits="4"/><line number="47" hits="2"/><line number="48" hits="0"/><line number="50" hits="4"/><line number="51" hits="4"/><line number="52" hits="4"/><line number="54" hits="2"/><line number="55" hits="6"/><line number="56" hits="2"/><line number="60" hits="6"/><line number="61" hits="4"/><line number="62" hits="2"/><line number="65" hits="2"/><line number="66" hits="14"/><line number="67" hits="2"/><line number="68" hits="2"/><line number="69" hits="10"/><line number="70" hits="0"/><line number="71" hits="4"/><line number="72" hits="6"/><line number="74" hits="0"/><line number="78" hits="2"/><line number="80" hits="6"/><line number="85" hits="4"/><line number="86" hits="2"/><line number="87" hits="0"/><line number="89" hits="2"/><line number="91" hits="1"/><line number="92" hits="3"/><line number="93" hits="3"/><line number="94" hits="2"/><line number="95" hits="0"/><line number="99" hits="1"/></lines></class><class name="reader" filename="src/reader.rs" line-rate="0.7727272727272727" branch-rate="0" complexity="0"><methods/><lines><line number="19" hits="5"/><line number="20" hits="3"/><line number="21" hits="2"/><line number="22" hits="2"/><line number="24" hits="2"/><line number="25" hits="5"/><line number="26" hits="1"/><line number="27" hits="1"/><line number="37" hits="1"/><line number="40" hits="2"/><line number="41" hits="0"/><line number="42" hits="5"/><line number="43" hits="0"/><line number="44" hits="0"/><line number="45" hits="0"/><line number="46" hits="0"/><line number="47" hits="1"/><line number="48" hits="1"/><line number="49" hits="1"/><line number="60" hits="1"/><line number="63" hits="4"/><line number="64" hits="2"/></lines></class><class name="transaction" filename="src/transaction.rs" line-rate="0.9090909090909091" branch-rate="0" complexity="0"><methods/><lines><line number="9" hits="1"/><line number="10" hits="1"/><line number="13" hits="1"/><line number="14" hits="1"/><line number="16" hits="2"/><line number="109" hits="1"/><line number="110" hits="1"/><line number="111" hits="1"/><line number="112" hits="1"/><line number="113" hits="1"/><line number="115" hits="1"/><line number="116" hits="1"/><line number="117" hits="1"/><line number="118" hits="1"/><line number="119" hits="0"/><line number="120" hits="0"/><line number="124" hits="1"/><line number="152" hits="1"/><line number="153" hits="1"/><line number="154" hits="1"/><line number="156" hits="2"/><line number="157" hits="1"/><line number="158" hits="1"/><line number="160" hits="1"/><line number="161" hits="1"/><line number="162" hits="1"/><line number="163" hits="1"/><line number="164" hits="0"/><line number="165" hits="0"/><line number="166" hits="0"/><line number="169" hits="1"/><line number="190" hits="1"/><line number="191" hits="1"/><line number="192" hits="1"/><line number="194" hits="2"/><line number="195" hits="1"/><line number="197" hits="1"/><line number="198" hits="1"/><line number="199" hits="1"/><line number="221" hits="1"/><line number="222" hits="1"/><line number="223" hits="1"/><line number="225" hits="2"/><line number="226" hits="1"/><line number="228" hits="1"/><line number="229" hits="1"/><line number="230" hits="1"/><line number="252" hits="1"/><line number="253" hits="1"/><line number="254" hits="1"/><line number="256" hits="2"/><line number="257" hits="1"/><line number="259" hits="1"/><line number="260" hits="1"/><line number="261" hits="1"/></lines></class></classes></package></packages></coverage>